[INFO:main:2023/02/22 02:50:27] Program Start
[INFO:main:2023/02/22 02:50:27] {'log': {'path': 'logs/'}, 'path': {'data': 'data/', 'output': 'output/'}, 'model': {'batch_size': 'None', 'epochs': 1}, 'hyper_parameter': {'dense1_units': 10, 'lr': 0.001, 'batch_size': 1, 'epochs': 1000, 'early_stopping_rounds': 10}, 'drop_col': {'drop_col_list': ['기준년도', '가입자 일련번호', '데이터 공개일자', '총 콜레스테롤', '트리글리세라이드', 'HDL 콜레스테롤', 'LDL 콜레스테롤', '치아우식증유무', '치석', '시력(우)', '청력(우)', '수축기 혈압', '허리둘레']}, 'log_trans': {'log_trans_col_list': ['(혈청지오티)AST', '(혈청지오티)ALT', '감마 지티피', '식전혈당(공복혈당)'], 'log1p_trans_col_list': ['혈청크레아티닌']}, 'target': {'ols': '"(혈청지오티)ALT"', 'classification': '"요단백"'}, 'bagging': {'n_estimators': 100, 'max_depth': 10, 'max_features': 5, 'random_state': 42, 'n_jobs': -1}, 'boosting': {'max_depth': '5,', 'objective': '"binary:logistic"', 'eval_metric': '"logloss"', 'early_stopping': 50}, 'boosting_round': {'num': 100}}
[INFO:Preprocess:2023/02/22 02:50:29] Model Data Count-------------------------------------
[INFO:Preprocess:2023/02/22 02:50:29] raw dataset        : 1000000
[INFO:Preprocess:2023/02/22 02:50:29] preprocessed dataset  : 986986
[INFO:Preprocess:2023/02/22 02:50:29] -----------------------------------------------------
[INFO:model:2023/02/22 02:50:29] ols result------------------------------------------
[INFO:model:2023/02/22 02:50:29]                             OLS Regression Results                            
==============================================================================
Dep. Variable:             (혈청지오티)ALT   R-squared:                       0.679
Model:                            OLS   Adj. R-squared:                  0.679
Method:                 Least Squares   F-statistic:                 1.226e+05
Date:                Wed, 22 Feb 2023   Prob (F-statistic):               0.00
Time:                        02:50:29   Log-Likelihood:            -6.3365e+05
No. Observations:              986986   AIC:                         1.267e+06
Df Residuals:                  986968   BIC:                         1.268e+06
Df Model:                          17                                         
Covariance Type:            nonrobust                                         
================================================================================
                   coef    std err          t      P>|t|      [0.025      0.975]
--------------------------------------------------------------------------------
const           -0.0162      0.001    -11.603      0.000      -0.019      -0.013
시도코드            -0.0056      0.001     -8.755      0.000      -0.007      -0.004
성별코드            -0.0746      0.002    -41.105      0.000      -0.078      -0.071
연령대 코드(5세단위)    -0.1117      0.001   -139.006      0.000      -0.113      -0.110
신장(5Cm단위)       -0.1148      0.001    -84.399      0.000      -0.117      -0.112
체중(5Kg 단위)       0.1979      0.001    243.929      0.000       0.196       0.199
시력(좌)            0.0006      0.000      1.528      0.127      -0.000       0.001
청력(좌)           -0.0283      0.002    -12.794      0.000      -0.033      -0.024
이완기 혈압          -0.0144      0.001    -22.569      0.000      -0.016      -0.013
식전혈당(공복혈당)       0.0422      0.000     91.552      0.000       0.041       0.043
혈색소              0.1299      0.001    154.541      0.000       0.128       0.132
요단백             -0.0199      0.001    -20.848      0.000      -0.022      -0.018
혈청크레아티닌         -0.0145      0.001    -19.967      0.000      -0.016      -0.013
(혈청지오티)AST       0.5511      0.001    945.039      0.000       0.550       0.552
감마 지티피           0.1816      0.001    232.914      0.000       0.180       0.183
흡연상태            -0.0296      0.001    -38.942      0.000      -0.031      -0.028
음주여부            -0.1014      0.001    -94.669      0.000      -0.103      -0.099
구강검진 수검여부       -0.0084      0.001     -8.494      0.000      -0.010      -0.006
==============================================================================
Omnibus:                    99711.868   Durbin-Watson:                   1.994
Prob(Omnibus):                  0.000   Jarque-Bera (JB):           427637.790
Skew:                          -0.429   Prob(JB):                         0.00
Kurtosis:                       6.108   Cond. No.                         8.27
==============================================================================

Notes:
[1] Standard Errors assume that the covariance matrix of the errors is correctly specified.
[INFO:model:2023/02/22 02:50:29] -----------------------------------------------------
[ERROR:model:2023/02/22 02:50:30] ====================================================================================================
[ERROR:model:2023/02/22 02:50:30]   File "C:\Users\mkson\.pyenv\pyenv-win\versions\3.8.10\lib\site-packages\sklearn\model_selection\_split.py", line 2568, in train_test_split
[ERROR:model:2023/02/22 02:50:30]     raise ValueError(
[ERROR:model:2023/02/22 02:50:30] ValueError: Stratified train/test split is not implemented for shuffle=False
[ERROR:model:2023/02/22 02:50:30] ====================================================================================================
